 ---=== Start Migration of project Local_Project ===---
 * Task [ChangeComponentSettingNameMigrationTask] : Applied successfully
 * Task [Remove routine dependency on antlr-3.3 jars] : Applied successfully
 * Task [RemoveProjectLibsFolder] : Nothing to do
 * Task [RemoveConfigMavenRepository] : Applied successfully
 * Task [ChangeMappingFileMigrationTask] : Applied successfully
 * Task [AddJavaVersionMigrationTask] : Applied successfully
 * Task [Fix a problem of project resources linked to items] : Nothing to do
 * Task [MapNetsuiteOperatorValueTDI32245] : Applied successfully
 * Task [ChangeValue4BonitaComponents] : Applied successfully
 * Task [ChangeDefaultValueForCassandraAPIVersion] : Applied successfully
 * Task [AddPortForTCassandraConfigurationSpark] : Applied successfully
 * Task [AddTableActionForUpdateCassandraDatastax] : Applied successfully
 * Task [UnifyParameterOfDatastaxAndHectorForCassandra] : Applied successfully
 * Task [MigrateDeprecatedHadoopDistribution1] : Applied successfully
 * Task [ChangeDefaultSparkSerializer] : Nothing to do
 * Task [Set default readby mode] : Applied successfully
 * Task [BuildRecycleBinIndexMigrationTask] : Applied successfully
 * Task [ChangeDefaultValue4tLogRow] : Applied successfully
 * Task [ChangeBatchParameter4SomeDBComponents] : Applied successfully
 * Task [ChangeMongoDBConnectionMinimalVersionMigrationTask] : Nothing to do
 * Task [CheckIncludeSeparatorOnTFileOutputPositional] : Nothing to do
 * Task [ChangeLocalModeForSparkConfiguration] : Nothing to do
 * Task [ChangeOptionDefaultValueForFileArchive] : Applied successfully
 * Task [DisableUseBatchWhenRejectLineExists] : Applied successfully
 * Task [StripslachesOnQuotesForTCollectAndCheck] : Nothing to do
 * Task [UpdateKakfaInputConsumerTimeoutAndAutoOffsetTask] : Applied successfully
 * Task [FixCassandraDataStaxDbtypesProblemMigrationTask] : Nothing to do
 * Task [ReviewPigLoadLayout] : Applied successfully
 * Task [RenameSparkVersions] : Nothing to do
 * Task [ChangeDBVersionValue4BonitaComponents] : Applied successfully
 * Task [TickDieOnError4tFileUnarchive] : Applied successfully
 * Task [ChangeLogLevel4tRedshiftInput] : Applied successfully
 * Task [FixUnevenItemContextParametersMigrationTask] : Nothing to do
 * Task [AddContextCommentValueMigrationTask] : Nothing to do
 * Task [ChangeDefaultValueForCassandra3Version] : Applied successfully
 * Task [NewGenericWizardMigrationTask] : Nothing to do
 * Task [SetDefaultValueForNewerEmailFirstOfTDI35976] : Applied successfully
 * Task [ChangeDefaultValueForCassandraOutputBatch] : Applied successfully
 * Task [NewSalesforceMigrationTask] : Nothing to do
 * Task [Add XMI Id for context item] : Applied successfully
 * Task [UpdateUrlForRedShiftMigrationTask] : Nothing to do
 * Task [SubstituteRemovedMDMOperatorMigrationTask] : Applied successfully
 * Task [RenameDriverJarPathForDBConnectionMigrationTask] : Nothing to do
 * Task [RemoveDuplicatedContextGroupMigrationTask] : Nothing to do
 * Task [UpdateJobletContextInJobMigrationTask] : Nothing to do
 * Task [ReplaceVarcharArrayWithVarcharIssueTDI35719] : Applied successfully
 * Task [Salesforce620Migration] : Applied successfully
 * Task [Salesforce620WizardMigration] : Nothing to do
 * Task [ChangeHadoopConfJarNameMigrationTask] : Nothing to do
 * Task [AdaptDeprecatedHadoopVersionsMigrationTask] : Nothing to do
 * Task [ReviseInvalidContextNamesOfHadoopPropertiesMigrationTask] : Nothing to do
 * Task [ReviseInvalidContextNamesMigrationTask] : Nothing to do
 * Task [UpdateELTComponentMigrationTask] : Nothing to do
 * Task [AddDefaultVersionValueForElasticsearchLookupInput] : Applied successfully
 * Task [Change MSSQL DBVersion] : Nothing to do
 * Task [ChangeTypeMappingForRedshift] : Applied successfully
 * Task [AddNewIgnoreNullSettingForTMicrosoftCrmOutputTask] : Applied successfully
 * Task [UncheckExceptionOnFileExistMigrationTask] : Applied successfully
 * Task [ResetVMArgumentMigrationTask] : Applied successfully
 * Task [NewAzureBlobMigrationTask] : Nothing to do
 * Task [NewMarketoMigrationTask] : Nothing to do
 * Task [NewNetsuiteMigrationTask] : Nothing to do
 * Task [UpdateHadoopConfsForContextualHadoopClusterMigrationTask] : Nothing to do
 * Task [ResetItemLabelMigrationTask] : Applied successfully
 * Task [AddApiModeToMarketoComponentsMigrationTask] : Applied successfully
 * Task [ChangeDBversionForSybaseIQMigrationTask] : Applied successfully
 * Task [Set FailOn property to true if copy directory else set to false] : Applied successfully
 * Task [Set the Spark Dataframe Alphabatical sort order in tHiveOutput and tFileOutputParquet] : Nothing to do
 * Task [AutoUpdateRelationsMigrationTask] : Applied successfully
 ---=== End of migration ===---
